<?xml version="1.0" encoding="UTF-8"?>
<!-- Generated by org.testng.reporters.JUnitXMLReporter -->
<testsuite ignored="14" hostname="VIRUS" failures="0" tests="1" name="Default test" time="20.226" errors="0" timestamp="2025-01-11T21:02:46 EET">
  <testcase classname="MyTestCases" name="Calendar_Example" time="1.726"/>
  <testcase classname="MyTestCases" name="Checkbox_Example" time="0.0">
    <ignored/>
  </testcase> <!-- Checkbox_Example -->
  <testcase classname="MyTestCases" name="iFrame_Example" time="0.0">
    <ignored/>
  </testcase> <!-- iFrame_Example -->
  <testcase classname="MyTestCases" name="Switch_To_Alert_Example" time="0.0">
    <ignored/>
  </testcase> <!-- Switch_To_Alert_Example -->
  <testcase classname="MyTestCases" name="Switch_Window_Example" time="0.0">
    <ignored/>
  </testcase> <!-- Switch_Window_Example -->
  <testcase classname="MyTestCases" name="Element_Displayed_Example" time="0.0">
    <ignored/>
  </testcase> <!-- Element_Displayed_Example -->
  <testcase classname="MyTestCases" name="CheckTheTitle" time="0.0">
    <ignored/>
  </testcase> <!-- CheckTheTitle -->
  <testcase classname="MyTestCases" name="Download_file_to_test" time="0.0">
    <ignored/>
  </testcase> <!-- Download_file_to_test -->
  <testcase classname="MyTestCases" name="Static_Dropdown_Example" time="0.0">
    <ignored/>
  </testcase> <!-- Static_Dropdown_Example -->
  <testcase classname="MyTestCases" name="Enabled_Disabled_Example" time="0.0">
    <ignored/>
  </testcase> <!-- Enabled_Disabled_Example -->
  <testcase classname="MyTestCases" name="Switch_Tab_Example" time="0.0">
    <ignored/>
  </testcase> <!-- Switch_Tab_Example -->
  <testcase classname="MyTestCases" name="Dynamic_Dropdown_Example" time="0.0">
    <ignored/>
  </testcase> <!-- Dynamic_Dropdown_Example -->
  <testcase classname="MyTestCases" name="Web_Table_Example" time="0.0">
    <ignored/>
  </testcase> <!-- Web_Table_Example -->
  <testcase classname="MyTestCases" name="Mouse_Hover_Example" time="0.0">
    <ignored/>
  </testcase> <!-- Mouse_Hover_Example -->
  <testcase classname="MyTestCases" name="Radio_Button_Example" time="0.0">
    <ignored/>
  </testcase> <!-- Radio_Button_Example -->
</testsuite> <!-- Default test -->
