<?xml version="1.0" encoding="UTF-8"?>
<testng-results ignored="14" total="15" passed="1" failed="0" skipped="0">
  <reporter-output>
  </reporter-output>
  <suite started-at="2025-01-11T21:02:26 EET" name="Default suite" finished-at="2025-01-11T21:02:46 EET" duration-ms="20226">
    <groups>
    </groups>
    <test started-at="2025-01-11T21:02:26 EET" name="Default test" finished-at="2025-01-11T21:02:46 EET" duration-ms="20226">
      <class name="MyTestCases">
        <test-method is-config="true" signature="mySetup()[pri:0, instance:MyTestCases@5b202a3a]" started-at="2025-01-11T21:02:26 EET" name="mySetup" finished-at="2025-01-11T21:02:44 EET" duration-ms="18480" status="PASS">
          <reporter-output>
          </reporter-output>
        </test-method> <!-- mySetup -->
        <test-method signature="Calendar_Example()[pri:12, instance:MyTestCases@5b202a3a]" started-at="2025-01-11T21:02:44 EET" name="Calendar_Example" description="open calendar in a new tab" finished-at="2025-01-11T21:02:46 EET" duration-ms="1726" status="PASS">
          <reporter-output>
          </reporter-output>
        </test-method> <!-- Calendar_Example -->
      </class> <!-- MyTestCases -->
    </test> <!-- Default test -->
  </suite> <!-- Default suite -->
</testng-results>
